# JRE version: OpenJDK Runtime Environment (21.0.5) (build 21.0.5+-13047016-b750.29)
# Java VM: OpenJDK 64-Bit Server VM (21.0.5+-13047016-b750.29, mixed mode, tiered, compressed oops, compressed class ptrs, g1 gc, windows-amd64)
GC Precious Log:
 CardTable entry size: 512
 Card Set container configuration: InlinePtr #cards 4 size 8 Array Of Cards #cards 32 size 80 Howl #buckets 8 coarsen threshold 7372 Howl Bitmap #cards 1024 size 144 coarsen threshold 921 Card regions per heap region 1 cards per card region 8192
 CPUs: 12 total, 12 available
 Memory: 16234M
 Large Page Support: Disabled
 NUMA Support: Disabled
 Compressed Oops: Enabled (Zero based)
 Heap Region Size: 4M
 Heap Min Capacity: 8M
 Heap Initial Capacity: 256M
 Heap Max Capacity: 8G
 Pre-touch: Disabled
 Parallel Workers: 10
 Concurrent Workers: 3
 Concurrent Refinement Workers: 10
 Periodic GC: Disabled
Heap:
 garbage-first heap   total 94208K, used 61194K [0x0000000600000000, 0x0000000800000000)
  region size 4096K, 8 young (32768K), 1 survivors (4096K)
 Metaspace       used 56028K, committed 57664K, reserved 1114112K
  class space    used 7623K, committed 8448K, reserved 1048576K
GC Heap History (20 events):
Event: 0.456 GC heap before
{Heap before GC invocations=1 (full 0):
 garbage-first heap   total 262144K, used 38462K [0x0000000600000000, 0x0000000800000000)
  region size 4096K, 10 young (40960K), 1 survivors (4096K)
 Metaspace       used 12160K, committed 12352K, reserved 1114112K
  class space    used 1283K, committed 1408K, reserved 1048576K
}
Event: 0.458 GC heap after
{Heap after GC invocations=2 (full 0):
 garbage-first heap   total 262144K, used 11778K [0x0000000600000000, 0x0000000800000000)
  region size 4096K, 2 young (8192K), 2 survivors (8192K)
 Metaspace       used 12160K, committed 12352K, reserved 1114112K
  class space    used 1283K, committed 1408K, reserved 1048576K
}
Event: 0.658 GC heap before
{Heap before GC invocations=2 (full 0):
 garbage-first heap   total 262144K, used 52738K [0x0000000600000000, 0x0000000800000000)
  region size 4096K, 13 young (53248K), 2 survivors (8192K)
 Metaspace       used 12916K, committed 13120K, reserved 1114112K
  class space    used 1417K, committed 1536K, reserved 1048576K
}
Event: 0.661 GC heap after
{Heap after GC invocations=3 (full 0):
 garbage-first heap   total 262144K, used 16983K [0x0000000600000000, 0x0000000800000000)
  region size 4096K, 2 young (8192K), 2 survivors (8192K)
 Metaspace       used 12916K, committed 13120K, reserved 1114112K
  class space    used 1417K, committed 1536K, reserved 1048576K
}
Event: 0.961 GC heap before
{Heap before GC invocations=3 (full 0):
 garbage-first heap   total 262144K, used 45655K [0x0000000600000000, 0x0000000800000000)
  region size 4096K, 10 young (40960K), 2 survivors (8192K)
 Metaspace       used 21215K, committed 21504K, reserved 1114112K
  class space    used 2452K, committed 2624K, reserved 1048576K
}
Event: 0.963 GC heap after
{Heap after GC invocations=4 (full 0):
 garbage-first heap   total 262144K, used 20424K [0x0000000600000000, 0x0000000800000000)
  region size 4096K, 3 young (12288K), 3 survivors (12288K)
 Metaspace       used 21215K, committed 21504K, reserved 1114112K
  class space    used 2452K, committed 2624K, reserved 1048576K
}
Event: 1.436 GC heap before
{Heap before GC invocations=5 (full 0):
 garbage-first heap   total 81920K, used 77768K [0x0000000600000000, 0x0000000800000000)
  region size 4096K, 17 young (69632K), 3 survivors (12288K)
 Metaspace       used 29531K, committed 30144K, reserved 1114112K
  class space    used 3765K, committed 4096K, reserved 1048576K
}
Event: 1.440 GC heap after
{Heap after GC invocations=6 (full 0):
 garbage-first heap   total 94208K, used 23814K [0x0000000600000000, 0x0000000800000000)
  region size 4096K, 3 young (12288K), 3 survivors (12288K)
 Metaspace       used 29531K, committed 30144K, reserved 1114112K
  class space    used 3765K, committed 4096K, reserved 1048576K
}
Event: 1.712 GC heap before
{Heap before GC invocations=6 (full 0):
 garbage-first heap   total 94208K, used 64774K [0x0000000600000000, 0x0000000800000000)
  region size 4096K, 13 young (53248K), 3 survivors (12288K)
 Metaspace       used 34688K, committed 35584K, reserved 1114112K
  class space    used 4593K, committed 5056K, reserved 1048576K
}
Event: 1.715 GC heap after
{Heap after GC invocations=7 (full 0):
 garbage-first heap   total 94208K, used 25894K [0x0000000600000000, 0x0000000800000000)
  region size 4096K, 2 young (8192K), 2 survivors (8192K)
 Metaspace       used 34688K, committed 35584K, reserved 1114112K
  class space    used 4593K, committed 5056K, reserved 1048576K
}
Event: 1.751 GC heap before
{Heap before GC invocations=7 (full 0):
 garbage-first heap   total 94208K, used 29990K [0x0000000600000000, 0x0000000800000000)
  region size 4096K, 4 young (16384K), 2 survivors (8192K)
 Metaspace       used 35345K, committed 36160K, reserved 1114112K
  class space    used 4699K, committed 5120K, reserved 1048576K
}
Event: 1.753 GC heap after
{Heap after GC invocations=8 (full 0):
 garbage-first heap   total 94208K, used 26784K [0x0000000600000000, 0x0000000800000000)
  region size 4096K, 1 young (4096K), 1 survivors (4096K)
 Metaspace       used 35345K, committed 36160K, reserved 1114112K
  class space    used 4699K, committed 5120K, reserved 1048576K
}
Event: 2.048 GC heap before
{Heap before GC invocations=9 (full 0):
 garbage-first heap   total 94208K, used 71840K [0x0000000600000000, 0x0000000800000000)
  region size 4096K, 13 young (53248K), 1 survivors (4096K)
 Metaspace       used 42177K, committed 43136K, reserved 1114112K
  class space    used 5466K, committed 5952K, reserved 1048576K
}
Event: 2.050 GC heap after
{Heap after GC invocations=10 (full 0):
 garbage-first heap   total 94208K, used 31161K [0x0000000600000000, 0x0000000800000000)
  region size 4096K, 2 young (8192K), 2 survivors (8192K)
 Metaspace       used 42177K, committed 43136K, reserved 1114112K
  class space    used 5466K, committed 5952K, reserved 1048576K
}
Event: 2.287 GC heap before
{Heap before GC invocations=10 (full 0):
 garbage-first heap   total 94208K, used 72121K [0x0000000600000000, 0x0000000800000000)
  region size 4096K, 13 young (53248K), 2 survivors (8192K)
 Metaspace       used 45667K, committed 46656K, reserved 1114112K
  class space    used 5911K, committed 6400K, reserved 1048576K
}
Event: 2.289 GC heap after
{Heap after GC invocations=11 (full 0):
 garbage-first heap   total 94208K, used 32951K [0x0000000600000000, 0x0000000800000000)
  region size 4096K, 1 young (4096K), 1 survivors (4096K)
 Metaspace       used 45667K, committed 46656K, reserved 1114112K
  class space    used 5911K, committed 6400K, reserved 1048576K
}
Event: 2.544 GC heap before
{Heap before GC invocations=11 (full 0):
 garbage-first heap   total 94208K, used 78007K [0x0000000600000000, 0x0000000800000000)
  region size 4096K, 12 young (49152K), 1 survivors (4096K)
 Metaspace       used 51016K, committed 52416K, reserved 1114112K
  class space    used 6790K, committed 7488K, reserved 1048576K
}
Event: 2.546 GC heap after
{Heap after GC invocations=12 (full 0):
 garbage-first heap   total 94208K, used 35239K [0x0000000600000000, 0x0000000800000000)
  region size 4096K, 2 young (8192K), 2 survivors (8192K)
 Metaspace       used 51016K, committed 52416K, reserved 1114112K
  class space    used 6790K, committed 7488K, reserved 1048576K
}
Event: 2.697 GC heap before
{Heap before GC invocations=12 (full 0):
 garbage-first heap   total 94208K, used 72103K [0x0000000600000000, 0x0000000800000000)
  region size 4096K, 11 young (45056K), 2 survivors (8192K)
 Metaspace       used 53247K, committed 54784K, reserved 1114112K
  class space    used 7135K, committed 7872K, reserved 1048576K
}
Event: 2.699 GC heap after
{Heap after GC invocations=13 (full 0):
 garbage-first heap   total 94208K, used 36618K [0x0000000600000000, 0x0000000800000000)
  region size 4096K, 1 young (4096K), 1 survivors (4096K)
 Metaspace       used 53247K, committed 54784K, reserved 1114112K
  class space    used 7135K, committed 7872K, reserved 1048576K
}

